{
  "numFailedTestSuites": 0,
  "numFailedTests": 0,
  "numPassedTestSuites": 1,
  "numPassedTests": 0,
  "numPendingTestSuites": 0,
  "numPendingTests": 0,
  "numRuntimeErrorTestSuites": 0,
  "numTodoTests": 1,
  "numTotalTestSuites": 1,
  "numTotalTests": 1,
  "openHandles": [],
  "snapshot": {
    "added": 0,
    "didUpdate": false,
    "failure": false,
    "filesAdded": 0,
    "filesRemoved": 0,
    "filesRemovedList": [],
    "filesUnmatched": 0,
    "filesUpdated": 0,
    "matched": 0,
    "total": 0,
    "unchecked": 0,
    "uncheckedKeysByFile": [],
    "unmatched": 0,
    "updated": 0
  },
  "startTime": 1648355875868,
  "success": false,
  "testResults": [
    {
      "leaks": false,
      "numFailingTests": 0,
      "numPassingTests": 0,
      "numPendingTests": 0,
      "numTodoTests": 1,
      "openHandles": [],
      "perfStats": {
        "end": 1648355877154,
        "runtime": 1216,
        "slow": false,
        "start": 1648355875938
      },
      "skipped": false,
      "snapshot": {
        "added": 0,
        "fileDeleted": false,
        "matched": 0,
        "unchecked": 0,
        "uncheckedKeys": [],
        "unmatched": 0,
        "updated": 0
      },
      "testFilePath": "/home/suzuki_sho/develop/shelf/server/src/functions/todo/getTodo/__tests__/handler.test.ts",
      "testResults": [
        {
          "ancestorTitles": [
            "test"
          ],
          "duration": null,
          "failureDetails": [],
          "failureMessages": [],
          "fullName": "test should be implemented!!!",
          "invocations": 1,
          "location": null,
          "numPassingAsserts": 0,
          "status": "todo",
          "title": "should be implemented!!!"
        }
      ],
      "failureMessage": null
    }
  ],
  "wasInterrupted": false,
  "coverageMap": {
    "/home/suzuki_sho/develop/shelf/server/src/libs/lambda.ts": {
      "path": "/home/suzuki_sho/develop/shelf/server/src/libs/lambda.ts",
      "statementMap": {
        "0": {
          "start": {
            "line": 1,
            "column": 0
          },
          "end": {
            "line": 1,
            "column": 31
          }
        },
        "1": {
          "start": {
            "line": 2,
            "column": 0
          },
          "end": {
            "line": 2,
            "column": 62
          }
        },
        "2": {
          "start": {
            "line": 4,
            "column": 23
          },
          "end": {
            "line": 6,
            "column": 1
          }
        },
        "3": {
          "start": {
            "line": 5,
            "column": 2
          },
          "end": {
            "line": 5,
            "column": null
          }
        },
        "4": {
          "start": {
            "line": 4,
            "column": 13
          },
          "end": {
            "line": 4,
            "column": 23
          }
        }
      },
      "fnMap": {
        "0": {
          "name": "(anonymous_0)",
          "decl": {
            "start": {
              "line": 4,
              "column": 23
            },
            "end": {
              "line": 4,
              "column": 24
            }
          },
          "loc": {
            "start": {
              "line": 4,
              "column": 35
            },
            "end": {
              "line": 6,
              "column": 1
            }
          }
        }
      },
      "branchMap": {},
      "s": {
        "0": 0,
        "1": 0,
        "2": 0,
        "3": 0,
        "4": 0
      },
      "f": {
        "0": 0
      },
      "b": {}
    },
    "/home/suzuki_sho/develop/shelf/server/src/config/model/TodoResponseModel.ts": {
      "path": "/home/suzuki_sho/develop/shelf/server/src/config/model/TodoResponseModel.ts",
      "statementMap": {
        "0": {
          "start": {
            "line": 1,
            "column": 0
          },
          "end": {
            "line": 1,
            "column": 40
          }
        },
        "1": {
          "start": {
            "line": 3,
            "column": 13
          },
          "end": {
            "line": 8,
            "column": 11
          }
        }
      },
      "fnMap": {},
      "branchMap": {},
      "s": {
        "0": 0,
        "1": 0
      },
      "f": {},
      "b": {}
    },
    "/home/suzuki_sho/develop/shelf/server/src/libs/handler-resolver.ts": {
      "path": "/home/suzuki_sho/develop/shelf/server/src/libs/handler-resolver.ts",
      "statementMap": {
        "0": {
          "start": {
            "line": 1,
            "column": 27
          },
          "end": {
            "line": 3,
            "column": 1
          }
        },
        "1": {
          "start": {
            "line": 2,
            "column": 2
          },
          "end": {
            "line": 2,
            "column": null
          }
        },
        "2": {
          "start": {
            "line": 1,
            "column": 13
          },
          "end": {
            "line": 1,
            "column": 27
          }
        }
      },
      "fnMap": {
        "0": {
          "name": "(anonymous_0)",
          "decl": {
            "start": {
              "line": 1,
              "column": 27
            },
            "end": {
              "line": 1,
              "column": 28
            }
          },
          "loc": {
            "start": {
              "line": 1,
              "column": 47
            },
            "end": {
              "line": 3,
              "column": 1
            }
          }
        }
      },
      "branchMap": {},
      "s": {
        "0": 0,
        "1": 0,
        "2": 0
      },
      "f": {
        "0": 0
      },
      "b": {}
    },
    "/home/suzuki_sho/develop/shelf/server/src/config/model/error/NotFoundErrorResponseModel.ts": {
      "path": "/home/suzuki_sho/develop/shelf/server/src/config/model/error/NotFoundErrorResponseModel.ts",
      "statementMap": {
        "0": {
          "start": {
            "line": 2,
            "column": 13
          },
          "end": {
            "line": 17,
            "column": 11
          }
        }
      },
      "fnMap": {},
      "branchMap": {},
      "s": {
        "0": 0
      },
      "f": {},
      "b": {}
    },
    "/home/suzuki_sho/develop/shelf/server/src/config/resource/dynamodb.ts": {
      "path": "/home/suzuki_sho/develop/shelf/server/src/config/resource/dynamodb.ts",
      "statementMap": {
        "0": {
          "start": {
            "line": 1,
            "column": 13
          },
          "end": {
            "line": 24,
            "column": 2
          }
        }
      },
      "fnMap": {},
      "branchMap": {},
      "s": {
        "0": 0
      },
      "f": {},
      "b": {}
    },
    "/home/suzuki_sho/develop/shelf/server/src/config/resource/index.ts": {
      "path": "/home/suzuki_sho/develop/shelf/server/src/config/resource/index.ts",
      "statementMap": {
        "0": {
          "start": {
            "line": 1,
            "column": 0
          },
          "end": {
            "line": 1,
            "column": 38
          }
        },
        "1": {
          "start": {
            "line": 3,
            "column": 13
          },
          "end": {
            "line": 5,
            "column": 2
          }
        }
      },
      "fnMap": {},
      "branchMap": {},
      "s": {
        "0": 0,
        "1": 0
      },
      "f": {},
      "b": {}
    },
    "/home/suzuki_sho/develop/shelf/server/src/config/custom/esbuild.ts": {
      "path": "/home/suzuki_sho/develop/shelf/server/src/config/custom/esbuild.ts",
      "statementMap": {
        "0": {
          "start": {
            "line": 1,
            "column": 13
          },
          "end": {
            "line": 10,
            "column": 2
          }
        }
      },
      "fnMap": {},
      "branchMap": {},
      "s": {
        "0": 0
      },
      "f": {},
      "b": {}
    },
    "/home/suzuki_sho/develop/shelf/server/src/config/custom/index.ts": {
      "path": "/home/suzuki_sho/develop/shelf/server/src/config/custom/index.ts",
      "statementMap": {
        "0": {
          "start": {
            "line": 1,
            "column": 0
          },
          "end": {
            "line": 1,
            "column": 38
          }
        },
        "1": {
          "start": {
            "line": 2,
            "column": 0
          },
          "end": {
            "line": 2,
            "column": 36
          }
        },
        "2": {
          "start": {
            "line": 4,
            "column": 13
          },
          "end": {
            "line": 7,
            "column": 2
          }
        }
      },
      "fnMap": {},
      "branchMap": {},
      "s": {
        "0": 0,
        "1": 0,
        "2": 0
      },
      "f": {},
      "b": {}
    },
    "/home/suzuki_sho/develop/shelf/server/src/config/index.ts": {
      "path": "/home/suzuki_sho/develop/shelf/server/src/config/index.ts",
      "statementMap": {
        "0": {
          "start": {
            "line": 1,
            "column": 0
          },
          "end": {
            "line": 1,
            "column": 9
          }
        },
        "1": {
          "start": {
            "line": 1,
            "column": 9
          },
          "end": {
            "line": 1,
            "column": 34
          }
        },
        "2": {
          "start": {
            "line": 2,
            "column": 0
          },
          "end": {
            "line": 2,
            "column": 9
          }
        },
        "3": {
          "start": {
            "line": 2,
            "column": 9
          },
          "end": {
            "line": 2,
            "column": 39
          }
        }
      },
      "fnMap": {
        "0": {
          "name": "(anonymous_0)",
          "decl": {
            "start": {
              "line": 1,
              "column": 9
            },
            "end": {
              "line": 1,
              "column": 15
            }
          },
          "loc": {
            "start": {
              "line": 1,
              "column": 9
            },
            "end": {
              "line": 1,
              "column": 34
            }
          }
        },
        "1": {
          "name": "(anonymous_1)",
          "decl": {
            "start": {
              "line": 2,
              "column": 9
            },
            "end": {
              "line": 2,
              "column": 18
            }
          },
          "loc": {
            "start": {
              "line": 2,
              "column": 9
            },
            "end": {
              "line": 2,
              "column": 39
            }
          }
        }
      },
      "branchMap": {},
      "s": {
        "0": 0,
        "1": 0,
        "2": 0,
        "3": 0
      },
      "f": {
        "0": 0,
        "1": 0
      },
      "b": {}
    },
    "/home/suzuki_sho/develop/shelf/server/src/libs/api-gateway.ts": {
      "path": "/home/suzuki_sho/develop/shelf/server/src/libs/api-gateway.ts",
      "statementMap": {
        "0": {
          "start": {
            "line": 73,
            "column": 34
          },
          "end": {
            "line": 81,
            "column": 1
          }
        },
        "1": {
          "start": {
            "line": 77,
            "column": 2
          },
          "end": {
            "line": 80,
            "column": 4
          }
        },
        "2": {
          "start": {
            "line": 73,
            "column": 13
          },
          "end": {
            "line": 73,
            "column": 34
          }
        }
      },
      "fnMap": {
        "0": {
          "name": "(anonymous_0)",
          "decl": {
            "start": {
              "line": 73,
              "column": 34
            },
            "end": {
              "line": 73,
              "column": null
            }
          },
          "loc": {
            "start": {
              "line": 76,
              "column": 4
            },
            "end": {
              "line": 81,
              "column": 1
            }
          }
        }
      },
      "branchMap": {
        "0": {
          "loc": {
            "start": {
              "line": 75,
              "column": 2
            },
            "end": {
              "line": 75,
              "column": 18
            }
          },
          "type": "default-arg",
          "locations": [
            {
              "start": {
                "line": 75,
                "column": 15
              },
              "end": {
                "line": 75,
                "column": 18
              }
            }
          ]
        }
      },
      "s": {
        "0": 0,
        "1": 0,
        "2": 0
      },
      "f": {
        "0": 0
      },
      "b": {
        "0": [
          0
        ]
      }
    },
    "/home/suzuki_sho/develop/shelf/server/src/config/custom/dynamodb.ts": {
      "path": "/home/suzuki_sho/develop/shelf/server/src/config/custom/dynamodb.ts",
      "statementMap": {
        "0": {
          "start": {
            "line": 1,
            "column": 13
          },
          "end": {
            "line": 17,
            "column": 2
          }
        }
      },
      "fnMap": {},
      "branchMap": {},
      "s": {
        "0": 0
      },
      "f": {},
      "b": {}
    },
    "/home/suzuki_sho/develop/shelf/server/src/functions/hello/index.ts": {
      "path": "/home/suzuki_sho/develop/shelf/server/src/functions/hello/index.ts",
      "statementMap": {
        "0": {
          "start": {
            "line": 1,
            "column": 0
          },
          "end": {
            "line": 1,
            "column": 30
          }
        },
        "1": {
          "start": {
            "line": 2,
            "column": 0
          },
          "end": {
            "line": 2,
            "column": 53
          }
        },
        "2": {
          "start": {
            "line": 4,
            "column": 0
          },
          "end": {
            "line": 19,
            "column": 2
          }
        }
      },
      "fnMap": {},
      "branchMap": {},
      "s": {
        "0": 0,
        "1": 0,
        "2": 0
      },
      "f": {},
      "b": {}
    },
    "/home/suzuki_sho/develop/shelf/server/src/functions/todo/getTodos/schema.ts": {
      "path": "/home/suzuki_sho/develop/shelf/server/src/functions/todo/getTodos/schema.ts",
      "statementMap": {
        "0": {
          "start": {
            "line": 1,
            "column": 0
          },
          "end": {
            "line": 7,
            "column": 11
          }
        }
      },
      "fnMap": {},
      "branchMap": {},
      "s": {
        "0": 0
      },
      "f": {},
      "b": {}
    },
    "/home/suzuki_sho/develop/shelf/server/src/functions/todo/getTodos/index.ts": {
      "path": "/home/suzuki_sho/develop/shelf/server/src/functions/todo/getTodos/index.ts",
      "statementMap": {
        "0": {
          "start": {
            "line": 1,
            "column": 0
          },
          "end": {
            "line": 1,
            "column": 53
          }
        },
        "1": {
          "start": {
            "line": 3,
            "column": 0
          },
          "end": {
            "line": 13,
            "column": 2
          }
        }
      },
      "fnMap": {},
      "branchMap": {},
      "s": {
        "0": 0,
        "1": 0
      },
      "f": {},
      "b": {}
    },
    "/home/suzuki_sho/develop/shelf/server/src/libs/httpError.ts": {
      "path": "/home/suzuki_sho/develop/shelf/server/src/libs/httpError.ts",
      "statementMap": {
        "0": {
          "start": {
            "line": 2,
            "column": 0
          },
          "end": {
            "line": 2,
            "column": 53
          }
        },
        "1": {
          "start": {
            "line": 6,
            "column": 25
          },
          "end": {
            "line": 11,
            "column": 1
          }
        },
        "2": {
          "start": {
            "line": 10,
            "column": 2
          },
          "end": {
            "line": 10,
            "column": 63
          }
        },
        "3": {
          "start": {
            "line": 6,
            "column": 13
          },
          "end": {
            "line": 6,
            "column": 25
          }
        }
      },
      "fnMap": {
        "0": {
          "name": "(anonymous_0)",
          "decl": {
            "start": {
              "line": 6,
              "column": 25
            },
            "end": {
              "line": 6,
              "column": null
            }
          },
          "loc": {
            "start": {
              "line": 9,
              "column": 15
            },
            "end": {
              "line": 11,
              "column": 1
            }
          }
        }
      },
      "branchMap": {},
      "s": {
        "0": 0,
        "1": 0,
        "2": 0,
        "3": 0
      },
      "f": {
        "0": 0
      },
      "b": {}
    },
    "/home/suzuki_sho/develop/shelf/server/src/functions/todo/getTodo/index.ts": {
      "path": "/home/suzuki_sho/develop/shelf/server/src/functions/todo/getTodo/index.ts",
      "statementMap": {
        "0": {
          "start": {
            "line": 1,
            "column": 0
          },
          "end": {
            "line": 1,
            "column": 92
          }
        },
        "1": {
          "start": {
            "line": 2,
            "column": 0
          },
          "end": {
            "line": 2,
            "column": 68
          }
        },
        "2": {
          "start": {
            "line": 4,
            "column": 0
          },
          "end": {
            "line": 4,
            "column": 53
          }
        },
        "3": {
          "start": {
            "line": 6,
            "column": 13
          },
          "end": {
            "line": 34,
            "column": 2
          }
        }
      },
      "fnMap": {},
      "branchMap": {},
      "s": {
        "0": 0,
        "1": 0,
        "2": 0,
        "3": 0
      },
      "f": {},
      "b": {}
    },
    "/home/suzuki_sho/develop/shelf/server/src/libs/db.ts": {
      "path": "/home/suzuki_sho/develop/shelf/server/src/libs/db.ts",
      "statementMap": {
        "0": {
          "start": {
            "line": 1,
            "column": 0
          },
          "end": {
            "line": 1,
            "column": 80
          }
        },
        "1": {
          "start": {
            "line": 2,
            "column": 0
          },
          "end": {
            "line": 2,
            "column": 63
          }
        },
        "2": {
          "start": {
            "line": 4,
            "column": 15
          },
          "end": {
            "line": 4,
            "column": 31
          }
        },
        "3": {
          "start": {
            "line": 6,
            "column": 17
          },
          "end": {
            "line": 14,
            "column": 1
          }
        },
        "4": {
          "start": {
            "line": 7,
            "column": 2
          },
          "end": {
            "line": 12,
            "column": null
          }
        },
        "5": {
          "start": {
            "line": 8,
            "column": 4
          },
          "end": {
            "line": 11,
            "column": 6
          }
        },
        "6": {
          "start": {
            "line": 13,
            "column": 2
          },
          "end": {
            "line": 13,
            "column": 28
          }
        },
        "7": {
          "start": {
            "line": 17,
            "column": 13
          },
          "end": {
            "line": 17,
            "column": 49
          }
        },
        "8": {
          "start": {
            "line": 18,
            "column": 13
          },
          "end": {
            "line": 18,
            "column": 51
          }
        }
      },
      "fnMap": {
        "0": {
          "name": "(anonymous_0)",
          "decl": {
            "start": {
              "line": 6,
              "column": 17
            },
            "end": {
              "line": 6,
              "column": 42
            }
          },
          "loc": {
            "start": {
              "line": 6,
              "column": 44
            },
            "end": {
              "line": 14,
              "column": 1
            }
          }
        }
      },
      "branchMap": {
        "0": {
          "loc": {
            "start": {
              "line": 7,
              "column": 2
            },
            "end": {
              "line": 12,
              "column": null
            }
          },
          "type": "if",
          "locations": [
            {
              "start": {
                "line": 7,
                "column": 2
              },
              "end": {
                "line": 12,
                "column": null
              }
            }
          ]
        }
      },
      "s": {
        "0": 0,
        "1": 0,
        "2": 0,
        "3": 0,
        "4": 0,
        "5": 0,
        "6": 0,
        "7": 0,
        "8": 0
      },
      "f": {
        "0": 0
      },
      "b": {
        "0": [
          0
        ]
      }
    },
    "/home/suzuki_sho/develop/shelf/server/src/functions/hello/schema.ts": {
      "path": "/home/suzuki_sho/develop/shelf/server/src/functions/hello/schema.ts",
      "statementMap": {
        "0": {
          "start": {
            "line": 1,
            "column": 0
          },
          "end": {
            "line": 7,
            "column": 11
          }
        }
      },
      "fnMap": {},
      "branchMap": {},
      "s": {
        "0": 0
      },
      "f": {},
      "b": {}
    },
    "/home/suzuki_sho/develop/shelf/server/src/functions/todo/getTodo/handler.ts": {
      "path": "/home/suzuki_sho/develop/shelf/server/src/functions/todo/getTodo/handler.ts",
      "statementMap": {
        "0": {
          "start": {
            "line": 2,
            "column": 0
          },
          "end": {
            "line": 2,
            "column": 55
          }
        },
        "1": {
          "start": {
            "line": 3,
            "column": 0
          },
          "end": {
            "line": 3,
            "column": 39
          }
        },
        "2": {
          "start": {
            "line": 4,
            "column": 0
          },
          "end": {
            "line": 4,
            "column": 31
          }
        },
        "3": {
          "start": {
            "line": 5,
            "column": 0
          },
          "end": {
            "line": 5,
            "column": 51
          }
        },
        "4": {
          "start": {
            "line": 6,
            "column": 0
          },
          "end": {
            "line": 6,
            "column": 44
          }
        },
        "5": {
          "start": {
            "line": 8,
            "column": 45
          },
          "end": {
            "line": 19,
            "column": 1
          }
        },
        "6": {
          "start": {
            "line": 11,
            "column": 18
          },
          "end": {
            "line": 11,
            "column": 68
          }
        },
        "7": {
          "start": {
            "line": 12,
            "column": 19
          },
          "end": {
            "line": 12,
            "column": 42
          }
        },
        "8": {
          "start": {
            "line": 13,
            "column": 2
          },
          "end": {
            "line": 15,
            "column": null
          }
        },
        "9": {
          "start": {
            "line": 14,
            "column": 4
          },
          "end": {
            "line": 14,
            "column": 67
          }
        },
        "10": {
          "start": {
            "line": 16,
            "column": 2
          },
          "end": {
            "line": 18,
            "column": 5
          }
        },
        "11": {
          "start": {
            "line": 21,
            "column": 13
          },
          "end": {
            "line": 21,
            "column": 38
          }
        }
      },
      "fnMap": {
        "0": {
          "name": "(anonymous_0)",
          "decl": {
            "start": {
              "line": 8,
              "column": 45
            },
            "end": {
              "line": 8,
              "column": 50
            }
          },
          "loc": {
            "start": {
              "line": 10,
              "column": 5
            },
            "end": {
              "line": 19,
              "column": 1
            }
          }
        }
      },
      "branchMap": {
        "0": {
          "loc": {
            "start": {
              "line": 13,
              "column": 2
            },
            "end": {
              "line": 15,
              "column": null
            }
          },
          "type": "if",
          "locations": [
            {
              "start": {
                "line": 13,
                "column": 2
              },
              "end": {
                "line": 15,
                "column": null
              }
            }
          ]
        }
      },
      "s": {
        "0": 0,
        "1": 0,
        "2": 0,
        "3": 0,
        "4": 0,
        "5": 0,
        "6": 0,
        "7": 0,
        "8": 0,
        "9": 0,
        "10": 0,
        "11": 0
      },
      "f": {
        "0": 0
      },
      "b": {
        "0": [
          0
        ]
      }
    },
    "/home/suzuki_sho/develop/shelf/server/src/functions/index.ts": {
      "path": "/home/suzuki_sho/develop/shelf/server/src/functions/index.ts",
      "statementMap": {
        "0": {
          "start": {
            "line": 1,
            "column": 0
          },
          "end": {
            "line": 1,
            "column": 9
          }
        },
        "1": {
          "start": {
            "line": 1,
            "column": 9
          },
          "end": {
            "line": 1,
            "column": 25
          }
        },
        "2": {
          "start": {
            "line": 2,
            "column": 0
          },
          "end": {
            "line": 2,
            "column": 9
          }
        },
        "3": {
          "start": {
            "line": 2,
            "column": 9
          },
          "end": {
            "line": 2,
            "column": 28
          }
        },
        "4": {
          "start": {
            "line": 3,
            "column": 0
          },
          "end": {
            "line": 3,
            "column": 9
          }
        },
        "5": {
          "start": {
            "line": 3,
            "column": 9
          },
          "end": {
            "line": 3,
            "column": 41
          }
        }
      },
      "fnMap": {
        "0": {
          "name": "(anonymous_0)",
          "decl": {
            "start": {
              "line": 1,
              "column": 9
            },
            "end": {
              "line": 1,
              "column": 16
            }
          },
          "loc": {
            "start": {
              "line": 1,
              "column": 9
            },
            "end": {
              "line": 1,
              "column": 25
            }
          }
        },
        "1": {
          "name": "(anonymous_1)",
          "decl": {
            "start": {
              "line": 2,
              "column": 9
            },
            "end": {
              "line": 2,
              "column": 16
            }
          },
          "loc": {
            "start": {
              "line": 2,
              "column": 9
            },
            "end": {
              "line": 2,
              "column": 28
            }
          }
        },
        "2": {
          "name": "(anonymous_2)",
          "decl": {
            "start": {
              "line": 3,
              "column": 9
            },
            "end": {
              "line": 3,
              "column": 16
            }
          },
          "loc": {
            "start": {
              "line": 3,
              "column": 9
            },
            "end": {
              "line": 3,
              "column": 41
            }
          }
        }
      },
      "branchMap": {},
      "s": {
        "0": 0,
        "1": 0,
        "2": 0,
        "3": 0,
        "4": 0,
        "5": 0
      },
      "f": {
        "0": 0,
        "1": 0,
        "2": 0
      },
      "b": {}
    },
    "/home/suzuki_sho/develop/shelf/server/src/functions/hello/handler.ts": {
      "path": "/home/suzuki_sho/develop/shelf/server/src/functions/hello/handler.ts",
      "statementMap": {
        "0": {
          "start": {
            "line": 2,
            "column": 0
          },
          "end": {
            "line": 2,
            "column": 55
          }
        },
        "1": {
          "start": {
            "line": 3,
            "column": 0
          },
          "end": {
            "line": 3,
            "column": 39
          }
        },
        "2": {
          "start": {
            "line": 4,
            "column": 0
          },
          "end": {
            "line": 4,
            "column": 31
          }
        },
        "3": {
          "start": {
            "line": 5,
            "column": 0
          },
          "end": {
            "line": 5,
            "column": 51
          }
        },
        "4": {
          "start": {
            "line": 8,
            "column": 65
          },
          "end": {
            "line": 22,
            "column": 1
          }
        },
        "5": {
          "start": {
            "line": 11,
            "column": 16
          },
          "end": {
            "line": 16,
            "column": 4
          }
        },
        "6": {
          "start": {
            "line": 17,
            "column": 19
          },
          "end": {
            "line": 17,
            "column": 40
          }
        },
        "7": {
          "start": {
            "line": 18,
            "column": 2
          },
          "end": {
            "line": 21,
            "column": 5
          }
        },
        "8": {
          "start": {
            "line": 24,
            "column": 13
          },
          "end": {
            "line": 24,
            "column": 35
          }
        }
      },
      "fnMap": {
        "0": {
          "name": "(anonymous_0)",
          "decl": {
            "start": {
              "line": 8,
              "column": 65
            },
            "end": {
              "line": 8,
              "column": 70
            }
          },
          "loc": {
            "start": {
              "line": 10,
              "column": 4
            },
            "end": {
              "line": 22,
              "column": 1
            }
          }
        }
      },
      "branchMap": {},
      "s": {
        "0": 0,
        "1": 0,
        "2": 0,
        "3": 0,
        "4": 0,
        "5": 0,
        "6": 0,
        "7": 0,
        "8": 0
      },
      "f": {
        "0": 0
      },
      "b": {}
    },
    "/home/suzuki_sho/develop/shelf/server/src/functions/todo/getTodos/handler.ts": {
      "path": "/home/suzuki_sho/develop/shelf/server/src/functions/todo/getTodos/handler.ts",
      "statementMap": {
        "0": {
          "start": {
            "line": 2,
            "column": 0
          },
          "end": {
            "line": 2,
            "column": 55
          }
        },
        "1": {
          "start": {
            "line": 3,
            "column": 0
          },
          "end": {
            "line": 3,
            "column": 39
          }
        },
        "2": {
          "start": {
            "line": 4,
            "column": 0
          },
          "end": {
            "line": 4,
            "column": 31
          }
        },
        "3": {
          "start": {
            "line": 5,
            "column": 0
          },
          "end": {
            "line": 5,
            "column": 70
          }
        },
        "4": {
          "start": {
            "line": 8,
            "column": 68
          },
          "end": {
            "line": 17,
            "column": 1
          }
        },
        "5": {
          "start": {
            "line": 11,
            "column": 18
          },
          "end": {
            "line": 11,
            "column": 76
          }
        },
        "6": {
          "start": {
            "line": 12,
            "column": 20
          },
          "end": {
            "line": 12,
            "column": 43
          }
        },
        "7": {
          "start": {
            "line": 13,
            "column": 2
          },
          "end": {
            "line": 16,
            "column": 5
          }
        },
        "8": {
          "start": {
            "line": 19,
            "column": 13
          },
          "end": {
            "line": 19,
            "column": 38
          }
        }
      },
      "fnMap": {
        "0": {
          "name": "(anonymous_0)",
          "decl": {
            "start": {
              "line": 8,
              "column": 68
            },
            "end": {
              "line": 8,
              "column": 73
            }
          },
          "loc": {
            "start": {
              "line": 10,
              "column": 4
            },
            "end": {
              "line": 17,
              "column": 1
            }
          }
        }
      },
      "branchMap": {},
      "s": {
        "0": 0,
        "1": 0,
        "2": 0,
        "3": 0,
        "4": 0,
        "5": 0,
        "6": 0,
        "7": 0,
        "8": 0
      },
      "f": {
        "0": 0
      },
      "b": {}
    },
    "/home/suzuki_sho/develop/shelf/server/src/config/model/TodoModel.ts": {
      "path": "/home/suzuki_sho/develop/shelf/server/src/config/model/TodoModel.ts",
      "statementMap": {
        "0": {
          "start": {
            "line": 3,
            "column": 13
          },
          "end": {
            "line": 35,
            "column": 11
          }
        }
      },
      "fnMap": {},
      "branchMap": {},
      "s": {
        "0": 0
      },
      "f": {},
      "b": {}
    }
  }
}